Arguments: 
  /opt/node/v6.9.1/bin/node /opt/node/v6.9.1/bin/yarn publish

PATH: 
  /Users/herrdu/program/android-sdk/tools:/Users/herrdu/program/android-sdk/platform-tools:/Library/Frameworks/Python.framework/Versions/3.4/bin:/opt/local/bin:/opt/local/sbin:/usr/local/mysql/bin:/opt/node/v6.9.1/bin:/opt/fmpp/bin:/opt/maven/bin:/usr/local/bin:/usr/bin:/bin:/usr/sbin:/sbin:/opt/X11/bin:/usr/local/git/bin:/Users/herrdu/.rvm/bin:/Users/herrdu/.rvm/bin:/Library/tomcat/bin:/Users/herrdu/sites/play/activator:/opt/maven/bin:/usr/local/Cellar/qt5/5.4.2/bin:/Library/Java/JavaVirtualMachines/jdk1.8.0_73.jdk/Contents/Home/bin

Yarn version: 
  0.21.3

Node version: 
  6.9.1

Platform: 
  darwin x64

npm manifest: 
  {
    "name": "gulp-asset-rev-luna",
    "version": "0.0.15",
    "description": "replace asset's filename by adding file hash",
    "license": "MIT",
    "repository": "https://github.com/herrdu/gulp_plugin",
    "author": "herrdu",
    "engines": {
      "node": ">=0.12.0"
    },
    "files": [
      "index.js"
    ],
    "keywords": [
      "gulpplugin",
      "asset version",
      "md5"
    ],
    "dependencies": {
      "gulp": "^3.8.11",
      "gulp-util": "^3.0.0",
      "through2": "^0.6.1"
    },
    "homepage": "https://github.com/hellopao/gulp_plugin",
    "_id": "gulp-asset-rev-luna@0.0.15",
    "_from": "gulp-asset-rev-luna@",
    "main": "index.js"
  }

yarn manifest: 
  No manifest

Lockfile: 
  No lockfile

Trace: 
  Error: https://registry.npm.taobao.org/gulp-asset-rev-luna: unauthorized
      at Request.params.callback [as _callback] (/opt/node/v6.9.1/lib/node_modules/yarn/lib/util/request-manager.js:313:18)
      at Request.self.callback (/opt/node/v6.9.1/lib/node_modules/yarn/node_modules/request/request.js:188:22)
      at emitTwo (events.js:106:13)
      at Request.emit (events.js:191:7)
      at Request.<anonymous> (/opt/node/v6.9.1/lib/node_modules/yarn/node_modules/request/request.js:1171:10)
      at emitOne (events.js:96:13)
      at Request.emit (events.js:188:7)
      at IncomingMessage.<anonymous> (/opt/node/v6.9.1/lib/node_modules/yarn/node_modules/request/request.js:1091:12)
      at IncomingMessage.g (events.js:291:16)
      at emitNone (events.js:91:20)
